<?xml version="1.0" encoding="UTF-8"?>
<testsuite name="com.weather.finleap.util.KelvinToCelsiusTest" tests="1" skipped="0" failures="0" errors="0" timestamp="2019-02-03T13:19:51" hostname="GB-HV653N2" time="0.001">
  <properties/>
  <testcase name="verifyParser" classname="com.weather.finleap.util.KelvinToCelsiusTest" time="0.001"/>
  <system-out><![CDATA[]]></system-out>
  <system-err><![CDATA[]]></system-err>
</testsuite>
